{"level":"INFO","time":"2021-03-03T11:35:55.670+0800","caller":"logger/logger.go:45","msg":"init logger success"}
{"level":"INFO","time":"2021-03-03T11:36:01.915+0800","caller":"logger/logger.go:45","msg":"init logger success"}
{"level":"INFO","time":"2021-03-03T11:36:45.268+0800","caller":"logger/logger.go:45","msg":"init logger success"}
{"level":"INFO","time":"2021-03-03T11:37:03.207+0800","caller":"logger/logger.go:45","msg":"init logger success"}
{"level":"INFO","time":"2021-03-03T11:38:01.867+0800","caller":"logger/logger.go:45","msg":"init logger success"}
{"level":"INFO","time":"2021-03-03T16:05:54.353+0800","caller":"logger/logger.go:45","msg":"init logger success"}
{"level":"INFO","time":"2021-03-03T16:06:54.236+0800","caller":"logger/logger.go:78","msg":"/file/upload","status":404,"method":"GET","path":"/file/upload","query":"","ip":"::1","user-agent":"Mozilla/5.0 (Macintosh; Intel Mac OS X 11_2_2) AppleWebKit/537.36 (KHTML, like Gecko) Chrome/88.0.4324.192 Safari/537.36","errors":"","cost":0.000156205}
{"level":"INFO","time":"2021-03-03T16:06:57.783+0800","caller":"logger/logger.go:78","msg":"/ping","status":200,"method":"GET","path":"/ping","query":"","ip":"::1","user-agent":"Mozilla/5.0 (Macintosh; Intel Mac OS X 11_2_2) AppleWebKit/537.36 (KHTML, like Gecko) Chrome/88.0.4324.192 Safari/537.36","errors":"","cost":0.00003454}
{"level":"INFO","time":"2021-03-03T16:06:57.882+0800","caller":"logger/logger.go:78","msg":"/favicon.ico","status":404,"method":"GET","path":"/favicon.ico","query":"","ip":"::1","user-agent":"Mozilla/5.0 (Macintosh; Intel Mac OS X 11_2_2) AppleWebKit/537.36 (KHTML, like Gecko) Chrome/88.0.4324.192 Safari/537.36","errors":"","cost":0.000022753}
{"level":"ERROR","time":"2021-03-03T16:10:22.102+0800","caller":"controller/user.go:16","msg":"SignUp with invalid param","error":"EOF"}
{"level":"INFO","time":"2021-03-03T16:10:22.103+0800","caller":"logger/logger.go:78","msg":"/api/v1/signup","status":200,"method":"POST","path":"/api/v1/signup","query":"username=lihang&password=123456789&repassword=123456789","ip":"::1","user-agent":"PostmanRuntime/7.26.10","errors":"","cost":0.001061704}
{"level":"ERROR","time":"2021-03-03T16:13:19.616+0800","caller":"controller/user.go:16","msg":"SignUp with invalid param","error":"EOF"}
{"level":"INFO","time":"2021-03-03T16:13:19.617+0800","caller":"logger/logger.go:78","msg":"/api/v1/signup","status":200,"method":"POST","path":"/api/v1/signup","query":"username=lihang&password=123456789&re_password=123456789","ip":"::1","user-agent":"PostmanRuntime/7.26.10","errors":"","cost":0.000828569}
{"level":"ERROR","time":"2021-03-03T16:19:00.147+0800","caller":"controller/user.go:16","msg":"SignUp with invalid param","error":"json: cannot unmarshal number into Go struct field SignUpParam.password of type string"}
{"level":"INFO","time":"2021-03-03T16:19:00.148+0800","caller":"logger/logger.go:78","msg":"/api/v1/signup","status":200,"method":"POST","path":"/api/v1/signup","query":"","ip":"::1","user-agent":"PostmanRuntime/7.26.10","errors":"","cost":0.001070955}
{"level":"ERROR","time":"2021-03-03T16:19:11.399+0800","caller":"logger/logger.go:120","msg":"[Recovery from panic]","error":"runtime error: invalid memory address or nil pointer dereference","request":"POST /api/v1/signup HTTP/1.1\r\nHost: localhost:8080\r\nAccept: */*\r\nAccept-Encoding: gzip, deflate, br\r\nConnection: keep-alive\r\nContent-Length: 85\r\nContent-Type: application/json\r\nPostman-Token: 9cc2279e-8b5e-4330-9b81-1a31e6f933a9\r\nUser-Agent: PostmanRuntime/7.26.10\r\n\r\n","stack":"goroutine 8 [running]:\nruntime/debug.Stack(0x0, 0xc0003c2000, 0x10c)\n\t/usr/local/go/src/runtime/debug/stack.go:24 +0x9d\nSimpleBBS-server/logger.GinRecovery.func1.1(0xc0003aa000, 0x1)\n\t/Users/lihang/go/src/SimpleBBS-server/logger/logger.go:123 +0x24c\npanic(0x17840e0, 0x1ebde50)\n\t/usr/local/go/src/runtime/panic.go:969 +0x166\ngithub.com/jmoiron/sqlx.(*DB).QueryRowx(0x0, 0x18791b1, 0x32, 0xc000392880, 0x1, 0x1, 0xc000392880)\n\t/Users/lihang/go/pkg/mod/github.com/jmoiron/sqlx@v1.3.1/sqlx.go:359 +0x29\ngithub.com/jmoiron/sqlx.Get(0x198b760, 0x0, 0x1722b60, 0xc0003802e0, 0x18791b1, 0x32, 0xc000392880, 0x1, 0x1, 0xc00010b298, ...)\n\t/Users/lihang/go/pkg/mod/github.com/jmoiron/sqlx@v1.3.1/sqlx.go:689 +0x6d\ngithub.com/jmoiron/sqlx.(*DB).Get(...)\n\t/Users/lihang/go/pkg/mod/github.com/jmoiron/sqlx@v1.3.1/sqlx.go:324\nSimpleBBS-server/dao/mysql.CheckUserExist(0xc0003802b0, 0x6, 0x27214e8, 0xc0003a2000)\n\t/Users/lihang/go/src/SimpleBBS-server/dao/mysql/user.go:18 +0x100\nSimpleBBS-server/service.SignUp(0xc0003940c0, 0xc000398000, 0x17193a0)\n\t/Users/lihang/go/src/SimpleBBS-server/service/user.go:10 +0x4c\nSimpleBBS-server/controller.SignUpHandler(0xc0003aa000)\n\t/Users/lihang/go/src/SimpleBBS-server/controller/user.go:24 +0xad\ngithub.com/gin-gonic/gin.(*Context).Next(0xc0003aa000)\n\t/Users/lihang/go/pkg/mod/github.com/gin-gonic/gin@v1.6.3/context.go:161 +0x3b\nSimpleBBS-server/logger.GinRecovery.func1(0xc0003aa000)\n\t/Users/lihang/go/src/SimpleBBS-server/logger/logger.go:134 +0x56\ngithub.com/gin-gonic/gin.(*Context).Next(0xc0003aa000)\n\t/Users/lihang/go/pkg/mod/github.com/gin-gonic/gin@v1.6.3/context.go:161 +0x3b\nSimpleBBS-server/logger.GinLogger.func1(0xc0003aa000)\n\t/Users/lihang/go/src/SimpleBBS-server/logger/logger.go:75 +0x91\ngithub.com/gin-gonic/gin.(*Context).Next(0xc0003aa000)\n\t/Users/lihang/go/pkg/mod/github.com/gin-gonic/gin@v1.6.3/context.go:161 +0x3b\ngithub.com/gin-gonic/gin.(*Engine).handleHTTPRequest(0xc00031e780, 0xc0003aa000)\n\t/Users/lihang/go/pkg/mod/github.com/gin-gonic/gin@v1.6.3/gin.go:409 +0x666\ngithub.com/gin-gonic/gin.(*Engine).ServeHTTP(0xc00031e780, 0x198c520, 0xc0003a6000, 0xc000398000)\n\t/Users/lihang/go/pkg/mod/github.com/gin-gonic/gin@v1.6.3/gin.go:367 +0x14d\nnet/http.serverHandler.ServeHTTP(0xc00041a0e0, 0x198c520, 0xc0003a6000, 0xc000398000)\n\t/usr/local/go/src/net/http/server.go:2836 +0xa3\nnet/http.(*conn).serve(0xc00029a140, 0x198ea20, 0xc000032300)\n\t/usr/local/go/src/net/http/server.go:1924 +0x86c\ncreated by net/http.(*Server).Serve\n\t/usr/local/go/src/net/http/server.go:2962 +0x35c\n"}
{"level":"INFO","time":"2021-03-03T16:19:11.401+0800","caller":"logger/logger.go:78","msg":"/api/v1/signup","status":500,"method":"POST","path":"/api/v1/signup","query":"","ip":"::1","user-agent":"PostmanRuntime/7.26.10","errors":"","cost":0.001794264}
{"level":"INFO","time":"2021-03-03T16:20:32.824+0800","caller":"logger/logger.go:45","msg":"init logger success"}
{"level":"INFO","time":"2021-03-03T16:24:13.585+0800","caller":"logger/logger.go:45","msg":"init logger success"}
{"level":"INFO","time":"2021-03-03T16:26:58.520+0800","caller":"logger/logger.go:45","msg":"init logger success"}
{"level":"INFO","time":"2021-03-03T16:30:19.505+0800","caller":"logger/logger.go:45","msg":"init logger success"}
{"level":"INFO","time":"2021-03-03T16:30:39.520+0800","caller":"logger/logger.go:45","msg":"init logger success"}
{"level":"INFO","time":"2021-03-03T16:35:30.665+0800","caller":"logger/logger.go:45","msg":"init logger success"}
{"level":"INFO","time":"2021-03-03T16:37:35.180+0800","caller":"logger/logger.go:45","msg":"init logger success"}
{"level":"INFO","time":"2021-03-03T16:41:54.651+0800","caller":"logger/logger.go:45","msg":"init logger success"}
{"level":"INFO","time":"2021-03-03T16:44:50.115+0800","caller":"logger/logger.go:45","msg":"init logger success"}
{"level":"INFO","time":"2021-03-03T16:46:20.822+0800","caller":"logger/logger.go:45","msg":"init logger success"}
{"level":"ERROR","time":"2021-03-03T16:47:49.742+0800","caller":"controller/user.go:25","msg":"sign up failed","error":"Error 1364: Field 'email' doesn't have a default value"}
{"level":"INFO","time":"2021-03-03T16:47:49.742+0800","caller":"logger/logger.go:78","msg":"/api/v1/signup","status":200,"method":"POST","path":"/api/v1/signup","query":"","ip":"::1","user-agent":"PostmanRuntime/7.26.10","errors":"","cost":0.023578806}
{"level":"INFO","time":"2021-03-03T16:51:05.083+0800","caller":"logger/logger.go:78","msg":"/api/v1/signup","status":200,"method":"POST","path":"/api/v1/signup","query":"","ip":"::1","user-agent":"PostmanRuntime/7.26.10","errors":"","cost":0.027319622}
{"level":"INFO","time":"2021-03-03T16:51:33.537+0800","caller":"logger/logger.go:78","msg":"/api/v1/signup","status":200,"method":"POST","path":"/api/v1/signup","query":"","ip":"::1","user-agent":"PostmanRuntime/7.26.10","errors":"","cost":0.029920147}
{"level":"INFO","time":"2021-03-03T16:55:08.971+0800","caller":"logger/logger.go:45","msg":"init logger success"}
{"level":"ERROR","time":"2021-03-03T16:55:17.015+0800","caller":"controller/user.go:25","msg":"sign up failed","error":"用户已经存在"}
{"level":"INFO","time":"2021-03-03T16:55:17.015+0800","caller":"logger/logger.go:78","msg":"/api/v1/signup","status":200,"method":"POST","path":"/api/v1/signup","query":"","ip":"::1","user-agent":"PostmanRuntime/7.26.10","errors":"","cost":0.009717314}
{"level":"INFO","time":"2021-03-03T17:18:18.114+0800","caller":"logger/logger.go:45","msg":"init logger success"}
{"level":"INFO","time":"2021-03-03T17:20:32.506+0800","caller":"logger/logger.go:45","msg":"init logger success"}
{"level":"INFO","time":"2021-03-03T17:20:43.051+0800","caller":"logger/logger.go:78","msg":"/api/v1/signup","status":200,"method":"POST","path":"/api/v1/signup","query":"","ip":"::1","user-agent":"PostmanRuntime/7.26.10","errors":"","cost":0.016723957}
{"level":"ERROR","time":"2021-03-03T17:21:11.333+0800","caller":"controller/user.go:25","msg":"sign up failed","error":"用户已经存在"}
{"level":"INFO","time":"2021-03-03T17:21:11.333+0800","caller":"logger/logger.go:78","msg":"/api/v1/signup","status":200,"method":"POST","path":"/api/v1/signup","query":"","ip":"::1","user-agent":"PostmanRuntime/7.26.10","errors":"","cost":0.008405168}
{"level":"INFO","time":"2021-03-03T17:21:14.739+0800","caller":"logger/logger.go:78","msg":"/api/v1/signup","status":200,"method":"POST","path":"/api/v1/signup","query":"","ip":"::1","user-agent":"PostmanRuntime/7.26.10","errors":"","cost":0.016369229}
{"level":"INFO","time":"2021-03-03T17:23:08.078+0800","caller":"logger/logger.go:45","msg":"init logger success"}
{"level":"ERROR","time":"2021-03-03T17:23:16.741+0800","caller":"controller/user.go:16","msg":"SignUp with invalid param","error":"Key: 'SignUpParam.re_password' Error:Field validation for 're_password' failed on the 'eqfield' tag"}
{"level":"ERROR","time":"2021-03-03T17:23:16.753+0800","caller":"controller/user.go:25","msg":"sign up failed","error":"用户已经存在"}
{"level":"INFO","time":"2021-03-03T17:23:16.753+0800","caller":"logger/logger.go:78","msg":"/api/v1/signup","status":200,"method":"POST","path":"/api/v1/signup","query":"","ip":"::1","user-agent":"PostmanRuntime/7.26.10","errors":"","cost":0.012864221}
{"level":"ERROR","time":"2021-03-03T17:23:21.954+0800","caller":"controller/user.go:16","msg":"SignUp with invalid param","error":"Key: 'SignUpParam.re_password' Error:Field validation for 're_password' failed on the 'eqfield' tag"}
{"level":"INFO","time":"2021-03-03T17:23:21.970+0800","caller":"logger/logger.go:78","msg":"/api/v1/signup","status":200,"method":"POST","path":"/api/v1/signup","query":"","ip":"::1","user-agent":"PostmanRuntime/7.26.10","errors":"","cost":0.016485344}
{"level":"ERROR","time":"2021-03-03T17:23:26.808+0800","caller":"controller/user.go:25","msg":"sign up failed","error":"用户已经存在"}
{"level":"INFO","time":"2021-03-03T17:23:26.809+0800","caller":"logger/logger.go:78","msg":"/api/v1/signup","status":200,"method":"POST","path":"/api/v1/signup","query":"","ip":"::1","user-agent":"PostmanRuntime/7.26.10","errors":"","cost":0.009927236}
{"level":"INFO","time":"2021-03-03T17:23:35.525+0800","caller":"logger/logger.go:78","msg":"/api/v1/signup","status":200,"method":"POST","path":"/api/v1/signup","query":"","ip":"::1","user-agent":"PostmanRuntime/7.26.10","errors":"","cost":0.021281775}
{"level":"ERROR","time":"2021-03-03T17:23:43.904+0800","caller":"controller/user.go:16","msg":"SignUp with invalid param","error":"Key: 'SignUpParam.re_password' Error:Field validation for 're_password' failed on the 'eqfield' tag"}
{"level":"INFO","time":"2021-03-03T17:23:43.922+0800","caller":"logger/logger.go:78","msg":"/api/v1/signup","status":200,"method":"POST","path":"/api/v1/signup","query":"","ip":"::1","user-agent":"PostmanRuntime/7.26.10","errors":"","cost":0.018444516}
{"level":"INFO","time":"2021-03-03T18:23:57.860+0800","caller":"logger/logger.go:45","msg":"init logger success"}
{"level":"ERROR","time":"2021-03-03T18:24:05.328+0800","caller":"controller/user.go:16","msg":"SignUp with invalid param","error":"Key: 'SignUpParam.re_password' Error:Field validation for 're_password' failed on the 'eqfield' tag"}
{"level":"INFO","time":"2021-03-03T18:24:05.328+0800","caller":"logger/logger.go:78","msg":"/api/v1/signup","status":200,"method":"POST","path":"/api/v1/signup","query":"","ip":"::1","user-agent":"PostmanRuntime/7.26.10","errors":"","cost":0.000327064}
{"level":"INFO","time":"2021-03-03T18:24:15.860+0800","caller":"logger/logger.go:78","msg":"/api/v1/signup","status":200,"method":"POST","path":"/api/v1/signup","query":"","ip":"::1","user-agent":"PostmanRuntime/7.26.10","errors":"","cost":0.022538905}
{"level":"INFO","time":"2021-03-03T18:41:52.517+0800","caller":"logger/logger.go:78","msg":"/api/v1/signup","status":200,"method":"POST","path":"/api/v1/signup","query":"","ip":"::1","user-agent":"PostmanRuntime/7.26.10","errors":"","cost":0.019971391}
{"level":"INFO","time":"2021-03-03T18:43:23.974+0800","caller":"logger/logger.go:78","msg":"/api/v1/signup","status":200,"method":"POST","path":"/api/v1/signup","query":"","ip":"::1","user-agent":"PostmanRuntime/7.26.10","errors":"","cost":0.017355923}
{"level":"INFO","time":"2021-03-03T18:43:45.643+0800","caller":"logger/logger.go:45","msg":"init logger success"}
{"level":"ERROR","time":"2021-03-03T18:44:09.649+0800","caller":"controller/user.go:26","msg":"sign up failed","error":"用户已经存在"}
{"level":"INFO","time":"2021-03-03T18:44:09.649+0800","caller":"logger/logger.go:78","msg":"/api/v1/signup","status":200,"method":"POST","path":"/api/v1/signup","query":"","ip":"::1","user-agent":"PostmanRuntime/7.26.10","errors":"","cost":0.010320546}
{"level":"INFO","time":"2021-03-03T18:44:12.110+0800","caller":"logger/logger.go:78","msg":"/api/v1/signup","status":200,"method":"POST","path":"/api/v1/signup","query":"","ip":"::1","user-agent":"PostmanRuntime/7.26.10","errors":"","cost":0.023135369}
{"level":"INFO","time":"2021-03-03T18:45:48.847+0800","caller":"logger/logger.go:45","msg":"init logger success"}
{"level":"INFO","time":"2021-03-03T18:54:31.097+0800","caller":"logger/logger.go:45","msg":"init logger success"}
{"level":"INFO","time":"2021-03-03T18:55:17.267+0800","caller":"logger/logger.go:78","msg":"/api/v1/signup","status":200,"method":"POST","path":"/api/v1/signup","query":"","ip":"::1","user-agent":"PostmanRuntime/7.26.10","errors":"","cost":0.017315125}
{"level":"INFO","time":"2021-03-03T18:55:33.558+0800","caller":"logger/logger.go:78","msg":"/api/v1/signup","status":200,"method":"POST","path":"/api/v1/signup","query":"","ip":"::1","user-agent":"PostmanRuntime/7.26.10","errors":"","cost":0.015141099}
{"level":"INFO","time":"2021-03-03T18:56:42.038+0800","caller":"logger/logger.go:78","msg":"/api/v1/signup","status":200,"method":"POST","path":"/api/v1/signup","query":"","ip":"::1","user-agent":"PostmanRuntime/7.26.10","errors":"","cost":0.014088131}
{"level":"INFO","time":"2021-03-03T18:57:08.653+0800","caller":"logger/logger.go:45","msg":"init logger success"}
{"level":"INFO","time":"2021-03-03T18:57:11.841+0800","caller":"logger/logger.go:78","msg":"/api/v1/signup","status":200,"method":"POST","path":"/api/v1/signup","query":"","ip":"::1","user-agent":"PostmanRuntime/7.26.10","errors":"","cost":0.016486612}
{"level":"INFO","time":"2021-03-03T19:03:32.732+0800","caller":"logger/logger.go:45","msg":"init logger success"}
{"level":"INFO","time":"2021-03-03T19:03:45.627+0800","caller":"logger/logger.go:78","msg":"/api/v1/signup","status":200,"method":"POST","path":"/api/v1/signup","query":"","ip":"::1","user-agent":"PostmanRuntime/7.26.10","errors":"","cost":0.017268332}
{"level":"INFO","time":"2021-03-04T20:32:32.975+0800","caller":"logger/logger.go:45","msg":"init logger success"}
{"level":"INFO","time":"2021-03-04T20:41:31.317+0800","caller":"logger/logger.go:78","msg":"/api/v1/signup","status":200,"method":"POST","path":"/api/v1/signup","query":"","ip":"::1","user-agent":"PostmanRuntime/7.26.10","errors":"","cost":0.000186631}
{"level":"INFO","time":"2021-03-04T20:41:46.709+0800","caller":"logger/logger.go:78","msg":"/api/v1/signup","status":200,"method":"POST","path":"/api/v1/signup","query":"","ip":"::1","user-agent":"PostmanRuntime/7.26.10","errors":"","cost":0.000028596}
{"level":"INFO","time":"2021-03-04T20:42:03.138+0800","caller":"logger/logger.go:45","msg":"init logger success"}
{"level":"INFO","time":"2021-03-04T20:42:07.833+0800","caller":"logger/logger.go:78","msg":"/api/v1/signup","status":200,"method":"POST","path":"/api/v1/signup","query":"","ip":"::1","user-agent":"PostmanRuntime/7.26.10","errors":"","cost":0.00021596}
{"level":"INFO","time":"2021-03-04T20:42:59.237+0800","caller":"logger/logger.go:45","msg":"init logger success"}
{"level":"INFO","time":"2021-03-04T20:43:01.790+0800","caller":"logger/logger.go:78","msg":"/api/v1/signup","status":200,"method":"POST","path":"/api/v1/signup","query":"","ip":"::1","user-agent":"PostmanRuntime/7.26.10","errors":"","cost":0.028992026}
{"level":"INFO","time":"2021-03-04T21:38:13.726+0800","caller":"logger/logger.go:45","msg":"init logger success"}
{"level":"ERROR","time":"2021-03-04T21:38:37.914+0800","caller":"controller/user.go:44","msg":"SignUp with invalid param","error":"invalid character '}' looking for beginning of object key string"}
{"level":"INFO","time":"2021-03-04T21:38:37.915+0800","caller":"logger/logger.go:78","msg":"/api/v1/login","status":200,"method":"POST","path":"/api/v1/login","query":"","ip":"::1","user-agent":"PostmanRuntime/7.26.10","errors":"","cost":0.000301414}
{"level":"ERROR","time":"2021-03-04T21:38:43.796+0800","caller":"controller/user.go:55","msg":"login failed","username":"lihang","error":"用户名或密码错误"}
{"level":"INFO","time":"2021-03-04T21:38:43.797+0800","caller":"logger/logger.go:78","msg":"/api/v1/login","status":200,"method":"POST","path":"/api/v1/login","query":"","ip":"::1","user-agent":"PostmanRuntime/7.26.10","errors":"","cost":0.013821686}
{"level":"ERROR","time":"2021-03-04T21:38:59.917+0800","caller":"controller/user.go:55","msg":"login failed","username":"admin","error":"用户名或密码错误"}
{"level":"INFO","time":"2021-03-04T21:38:59.917+0800","caller":"logger/logger.go:78","msg":"/api/v1/login","status":200,"method":"POST","path":"/api/v1/login","query":"","ip":"::1","user-agent":"PostmanRuntime/7.26.10","errors":"","cost":0.009151688}
{"level":"ERROR","time":"2021-03-04T21:39:03.317+0800","caller":"controller/user.go:55","msg":"login failed","username":"admin","error":"用户名或密码错误"}
{"level":"INFO","time":"2021-03-04T21:39:03.317+0800","caller":"logger/logger.go:78","msg":"/api/v1/login","status":200,"method":"POST","path":"/api/v1/login","query":"","ip":"::1","user-agent":"PostmanRuntime/7.26.10","errors":"","cost":0.012286787}
{"level":"ERROR","time":"2021-03-04T21:39:24.435+0800","caller":"controller/user.go:20","msg":"SignUp with invalid param","error":"Key: 'SignUpParam.re_password' Error:Field validation for 're_password' failed on the 'required' tag\nKey: 'SignUpParam.re_password' Error:Field validation for 're_password' failed on the 'eqfield' tag"}
{"level":"INFO","time":"2021-03-04T21:39:24.435+0800","caller":"logger/logger.go:78","msg":"/api/v1/signup","status":200,"method":"POST","path":"/api/v1/signup","query":"","ip":"::1","user-agent":"PostmanRuntime/7.26.10","errors":"","cost":0.00020689}
{"level":"INFO","time":"2021-03-04T21:39:38.107+0800","caller":"logger/logger.go:78","msg":"/api/v1/signup","status":200,"method":"POST","path":"/api/v1/signup","query":"","ip":"::1","user-agent":"PostmanRuntime/7.26.10","errors":"","cost":0.020361401}
{"level":"ERROR","time":"2021-03-04T21:39:53.716+0800","caller":"controller/user.go:44","msg":"SignUp with invalid param","error":"invalid character '}' looking for beginning of object key string"}
{"level":"INFO","time":"2021-03-04T21:39:53.716+0800","caller":"logger/logger.go:78","msg":"/api/v1/login","status":200,"method":"POST","path":"/api/v1/login","query":"","ip":"::1","user-agent":"PostmanRuntime/7.26.10","errors":"","cost":0.000178803}
{"level":"ERROR","time":"2021-03-04T21:41:43.631+0800","caller":"controller/user.go:55","msg":"login failed","username":"admin1","error":"用户名或密码错误"}
{"level":"INFO","time":"2021-03-04T21:41:43.632+0800","caller":"logger/logger.go:78","msg":"/api/v1/login","status":200,"method":"POST","path":"/api/v1/login","query":"","ip":"::1","user-agent":"PostmanRuntime/7.26.10","errors":"","cost":0.012081974}
{"level":"INFO","time":"2021-03-04T21:43:02.276+0800","caller":"logger/logger.go:45","msg":"init logger success"}
{"level":"INFO","time":"2021-03-04T21:44:23.004+0800","caller":"logger/logger.go:45","msg":"init logger success"}
{"level":"INFO","time":"2021-03-04T21:46:32.573+0800","caller":"logger/logger.go:45","msg":"init logger success"}
{"level":"INFO","time":"2021-03-04T21:49:03.821+0800","caller":"logger/logger.go:45","msg":"init logger success"}
{"level":"ERROR","time":"2021-03-04T21:49:05.994+0800","caller":"controller/user.go:55","msg":"login failed","username":"admin1","error":"key is of invalid type"}
{"level":"INFO","time":"2021-03-04T21:49:05.994+0800","caller":"logger/logger.go:78","msg":"/api/v1/login","status":200,"method":"POST","path":"/api/v1/login","query":"","ip":"::1","user-agent":"PostmanRuntime/7.26.10","errors":"","cost":0.010046181}
{"level":"INFO","time":"2021-03-04T21:49:16.987+0800","caller":"logger/logger.go:45","msg":"init logger success"}
{"level":"ERROR","time":"2021-03-04T21:49:21.632+0800","caller":"controller/user.go:55","msg":"login failed","username":"admin1","error":"key is of invalid type"}
{"level":"INFO","time":"2021-03-04T21:49:21.632+0800","caller":"logger/logger.go:78","msg":"/api/v1/login","status":200,"method":"POST","path":"/api/v1/login","query":"","ip":"::1","user-agent":"PostmanRuntime/7.26.10","errors":"","cost":0.006571994}
{"level":"INFO","time":"2021-03-04T23:51:24.447+0800","caller":"logger/logger.go:45","msg":"init logger success"}
{"level":"INFO","time":"2021-03-05T00:01:04.749+0800","caller":"logger/logger.go:45","msg":"init logger success"}
{"level":"ERROR","time":"2021-03-05T00:01:20.166+0800","caller":"controller/user.go:55","msg":"login failed","username":"admin1","error":"key is of invalid type"}
{"level":"INFO","time":"2021-03-05T00:01:20.166+0800","caller":"logger/logger.go:78","msg":"/api/v1/login","status":200,"method":"POST","path":"/api/v1/login","query":"","ip":"::1","user-agent":"PostmanRuntime/7.26.10","errors":"","cost":0.007185708}
{"level":"INFO","time":"2021-03-05T00:05:33.989+0800","caller":"logger/logger.go:45","msg":"init logger success"}
{"level":"INFO","time":"2021-03-05T00:06:45.576+0800","caller":"logger/logger.go:45","msg":"init logger success"}
{"level":"INFO","time":"2021-03-05T00:07:47.501+0800","caller":"logger/logger.go:45","msg":"init logger success"}
{"level":"INFO","time":"2021-03-05T00:11:24.875+0800","caller":"logger/logger.go:45","msg":"init logger success"}
{"level":"INFO","time":"2021-03-05T00:15:22.085+0800","caller":"logger/logger.go:45","msg":"init logger success"}
{"level":"INFO","time":"2021-03-05T00:22:43.258+0800","caller":"logger/logger.go:45","msg":"init logger success"}
{"level":"INFO","time":"2021-03-05T00:31:03.241+0800","caller":"logger/logger.go:45","msg":"init logger success"}
{"level":"INFO","time":"2021-03-05T00:40:21.759+0800","caller":"logger/logger.go:45","msg":"init logger success"}
{"level":"ERROR","time":"2021-03-05T00:40:25.245+0800","caller":"controller/user.go:55","msg":"login failed","username":"admin1","error":"key is of invalid type"}
{"level":"INFO","time":"2021-03-05T00:40:25.245+0800","caller":"logger/logger.go:78","msg":"/api/v1/login","status":200,"method":"POST","path":"/api/v1/login","query":"","ip":"::1","user-agent":"PostmanRuntime/7.26.10","errors":"","cost":0.009053453}
{"level":"INFO","time":"2021-03-05T00:42:28.831+0800","caller":"logger/logger.go:45","msg":"init logger success"}
{"level":"INFO","time":"2021-03-05T00:49:17.402+0800","caller":"logger/logger.go:45","msg":"init logger success"}
{"level":"INFO","time":"2021-03-05T00:49:27.772+0800","caller":"logger/logger.go:78","msg":"/api/v1/login","status":200,"method":"POST","path":"/api/v1/login","query":"","ip":"::1","user-agent":"PostmanRuntime/7.26.10","errors":"","cost":0.009080488}
